<?xml version="1.0" encoding="UTF-8"?>
<!-- Generated by org.testng.reporters.JUnitReportReporter -->
<testsuite hostname="Aniruddha" failures="0" tests="1" name="com.getmycart.testCases.TC_BuyProduct_001" time="22.882" errors="0" timestamp="21 May 2021 11:55:20 GMT" skipped="0">
  <testcase classname="com.getmycart.testCases.TC_BuyProduct_001" name="BuyProduct" time="22.882"/>
</testsuite> <!-- com.getmycart.testCases.TC_BuyProduct_001 -->
