<?xml version="1.0" encoding="UTF-8"?>
<!-- Generated by org.testng.reporters.JUnitReportReporter -->
<testsuite hostname="Aniruddha" failures="0" tests="1" name="com.getmycart.testCases.TS_HomePage_001" time="0.402" errors="0" timestamp="15 May 2021 06:52:08 GMT" skipped="0">
  <testcase classname="com.getmycart.testCases.TS_HomePage_001" name="myPage" time="0.402"/>
</testsuite> <!-- com.getmycart.testCases.TS_HomePage_001 -->
