<?xml version="1.0" encoding="UTF-8"?>
<!-- Generated by org.testng.reporters.JUnitReportReporter -->
<testsuite hostname="DESKTOP-T9EDT32" failures="0" tests="1" name="com.getmycart.testCases.TC_Login" time="0.574" errors="0" timestamp="03 Jun 2021 09:38:32 GMT" skipped="0">
  <testcase classname="com.getmycart.testCases.TC_Login" name="loginTest" time="0.574"/>
</testsuite> <!-- com.getmycart.testCases.TC_Login -->
