<?xml version="1.0" encoding="UTF-8"?>
<!-- Generated by org.testng.reporters.JUnitReportReporter -->
<testsuite hostname="Aniruddha" failures="0" tests="1" name="com.getmycart.testCases.TC_OpenURL" time="4.798" errors="0" timestamp="21 May 2021 11:55:20 GMT" skipped="0">
  <testcase classname="com.getmycart.testCases.TC_OpenURL" name="myPage" time="4.798"/>
</testsuite> <!-- com.getmycart.testCases.TC_OpenURL -->
